\BOOKMARK [0][-]{chapter*.2}{Introduction}{}% 1
\BOOKMARK [0][-]{chapter*.3}{R\040Packages\040used\040in\040these\040notes}{}% 2
\BOOKMARK [0][-]{chapter*.4}{Data\040used\040in\040these\040notes}{}% 3
\BOOKMARK [0][-]{chapter*.5}{Special\040Functions\040used\040in\040these\040notes}{}% 4
\BOOKMARK [0][-]{chapter.1}{Building\040Table\0401}{}% 5
\BOOKMARK [1][-]{section.1.1}{Two\040examples\040from\040the\040New\040England\040Journal\040of\040Medicine}{chapter.1}% 6
\BOOKMARK [1][-]{section.1.2}{The\040MR\040CLEAN\040trial}{chapter.1}% 7
\BOOKMARK [1][-]{section.1.3}{Simulated\040fakestroke\040data}{chapter.1}% 8
\BOOKMARK [1][-]{section.1.4}{Building\040Table\0401\040for\040fakestroke:\040Attempt\0401}{chapter.1}% 9
\BOOKMARK [1][-]{section.1.5}{fakestroke\040Table\0401:\040Attempt\0402}{chapter.1}% 10
\BOOKMARK [1][-]{section.1.6}{Obtaining\040a\040more\040detailed\040Summary}{chapter.1}% 11
\BOOKMARK [1][-]{section.1.7}{Exporting\040the\040Completed\040Table\0401\040from\040R\040to\040Excel\040or\040Word}{chapter.1}% 12
\BOOKMARK [1][-]{section.1.8}{A\040Controlled\040Biological\040Experiment\040-\040The\040Blood-Brain\040Barrier}{chapter.1}% 13
\BOOKMARK [1][-]{section.1.9}{The\040bloodbrain.csv\040file}{chapter.1}% 14
\BOOKMARK [1][-]{section.1.10}{A\040Table\0401\040for\040bloodbrain}{chapter.1}% 15
\BOOKMARK [0][-]{chapter.2}{Linear\040Regression\040on\040a\040small\040SMART\040data\040set}{}% 16
\BOOKMARK [1][-]{section.2.1}{BRFSS\040and\040SMART}{chapter.2}% 17
\BOOKMARK [1][-]{section.2.2}{The\040smartcle1\040data:\040Cookbook}{chapter.2}% 18
\BOOKMARK [1][-]{section.2.3}{smartcle2:\040Omitting\040Missing\040Observations:\040Complete-Case\040Analyses}{chapter.2}% 19
\BOOKMARK [1][-]{section.2.4}{Summarizing\040the\040smartcle2\040data\040numerically}{chapter.2}% 20
\BOOKMARK [1][-]{section.2.5}{Counting\040as\040exploratory\040data\040analysis}{chapter.2}% 21
\BOOKMARK [1][-]{section.2.6}{First\040Modeling\040Attempt:\040Can\040bmi\040predict\040physhealth?}{chapter.2}% 22
\BOOKMARK [1][-]{section.2.7}{A\040New\040Small\040Study:\040Predicting\040BMI}{chapter.2}% 23
\BOOKMARK [1][-]{section.2.8}{c2_m1:\040A\040simple\040t-test\040model}{chapter.2}% 24
\BOOKMARK [1][-]{section.2.9}{c2_m2:\040Adding\040another\040predictor\040\(two-way\040ANOVA\040without\040interaction\)}{chapter.2}% 25
\BOOKMARK [1][-]{section.2.10}{c2_m3:\040Adding\040the\040interaction\040term\040\(Two-way\040ANOVA\040with\040interaction\)}{chapter.2}% 26
\BOOKMARK [1][-]{section.2.11}{c2_m4:\040Using\040female\040and\040sleephrs\040in\040a\040model\040for\040bmi}{chapter.2}% 27
\BOOKMARK [1][-]{section.2.12}{Making\040Predictions\040with\040a\040Linear\040Regression\040Model}{chapter.2}% 28
\BOOKMARK [1][-]{section.2.13}{Centering\040the\040model}{chapter.2}% 29
\BOOKMARK [1][-]{section.2.14}{Rescaling\040an\040input\040by\040subtracting\040the\040mean\040and\040dividing\040by\0402\040standard\040deviations}{chapter.2}% 30
\BOOKMARK [1][-]{section.2.15}{c2_m5:\040What\040if\040we\040add\040more\040variables?}{chapter.2}% 31
\BOOKMARK [1][-]{section.2.16}{c2_m6:\040Would\040adding\040self-reported\040health\040help?}{chapter.2}% 32
\BOOKMARK [1][-]{section.2.17}{c2_m7:\040What\040if\040we\040added\040the\040menthealth\040variable?}{chapter.2}% 33
\BOOKMARK [1][-]{section.2.18}{Key\040Regression\040Assumptions\040for\040Building\040Effective\040Prediction\040Models}{chapter.2}% 34
\BOOKMARK [0][-]{chapter.3}{Analysis\040of\040Variance}{}% 35
\BOOKMARK [1][-]{section.3.1}{The\040bonding\040data:\040A\040Designed\040Dental\040Experiment}{chapter.3}% 36
\BOOKMARK [1][-]{section.3.2}{A\040One-Factor\040Analysis\040of\040Variance}{chapter.3}% 37
\BOOKMARK [1][-]{section.3.3}{A\040Two-Way\040ANOVA:\040Looking\040at\040Two\040Factors}{chapter.3}% 38
\BOOKMARK [1][-]{section.3.4}{A\040Means\040Plot\040\(with\040standard\040deviations\)\040to\040check\040for\040interaction}{chapter.3}% 39
\BOOKMARK [1][-]{section.3.5}{Fitting\040the\040Two-Way\040ANOVA\040model\040with\040Interaction}{chapter.3}% 40
\BOOKMARK [1][-]{section.3.6}{Comparing\040Individual\040Combinations\040of\040resin\040and\040light}{chapter.3}% 41
\BOOKMARK [1][-]{section.3.7}{The\040bonding\040model\040without\040Interaction}{chapter.3}% 42
\BOOKMARK [1][-]{section.3.8}{cortisol:\040A\040Hypothetical\040Clinical\040Trial}{chapter.3}% 43
\BOOKMARK [1][-]{section.3.9}{Creating\040a\040factor\040combining\040sex\040and\040waist}{chapter.3}% 44
\BOOKMARK [1][-]{section.3.10}{A\040Means\040Plot\040for\040the\040cortisol\040trial\040\(with\040standard\040errors\)}{chapter.3}% 45
\BOOKMARK [1][-]{section.3.11}{A\040Two-Way\040ANOVA\040model\040for\040cortisol\040with\040Interaction}{chapter.3}% 46
\BOOKMARK [1][-]{section.3.12}{A\040Two-Way\040ANOVA\040model\040for\040cortisol\040without\040Interaction}{chapter.3}% 47
\BOOKMARK [0][-]{chapter.4}{Analysis\040of\040Covariance}{}% 48
\BOOKMARK [1][-]{section.4.1}{An\040Emphysema\040Study}{chapter.4}% 49
\BOOKMARK [1][-]{section.4.2}{Does\040sex\040affect\040the\040mean\040change\040in\040theophylline?}{chapter.4}% 50
\BOOKMARK [1][-]{section.4.3}{Is\040there\040an\040association\040between\040age\040and\040sex\040in\040this\040study?}{chapter.4}% 51
\BOOKMARK [1][-]{section.4.4}{Adding\040a\040quantitative\040covariate,\040age,\040to\040the\040model}{chapter.4}% 52
\BOOKMARK [1][-]{section.4.5}{Rerunning\040the\040ANCOVA\040model\040after\040simple\040imputation}{chapter.4}% 53
\BOOKMARK [1][-]{section.4.6}{Looking\040at\040a\040factor-covariate\040interaction}{chapter.4}% 54
\BOOKMARK [1][-]{section.4.7}{Centering\040the\040Covariate\040to\040Facilitate\040ANCOVA\040Interpretation}{chapter.4}% 55
\BOOKMARK [0][-]{chapter.5}{Missing\040Data\040Mechanisms\040and\040Single\040Imputation}{}% 56
\BOOKMARK [1][-]{section.5.1}{A\040Toy\040Example}{chapter.5}% 57
\BOOKMARK [1][-]{section.5.2}{Missing-data\040mechanisms}{chapter.5}% 58
\BOOKMARK [1][-]{section.5.3}{Options\040for\040Dealing\040with\040Missingness}{chapter.5}% 59
\BOOKMARK [1][-]{section.5.4}{Complete\040Case\040\(and\040Available\040Case\)\040analyses}{chapter.5}% 60
\BOOKMARK [1][-]{section.5.5}{Single\040Imputation}{chapter.5}% 61
\BOOKMARK [1][-]{section.5.6}{Multiple\040Imputation}{chapter.5}% 62
\BOOKMARK [1][-]{section.5.7}{Building\040a\040Complete\040Case\040Analysis}{chapter.5}% 63
\BOOKMARK [1][-]{section.5.8}{Single\040Imputation\040with\040the\040Mean\040or\040Mode}{chapter.5}% 64
\BOOKMARK [1][-]{section.5.9}{Doing\040Single\040Imputation\040with\040simputation}{chapter.5}% 65
\BOOKMARK [0][-]{chapter.6}{A\040Study\040of\040Prostate\040Cancer}{}% 66
\BOOKMARK [1][-]{section.6.1}{Data\040Load\040and\040Background}{chapter.6}% 67
\BOOKMARK [1][-]{section.6.2}{Code\040Book}{chapter.6}% 68
\BOOKMARK [1][-]{section.6.3}{Additions\040for\040Later\040Use}{chapter.6}% 69
\BOOKMARK [1][-]{section.6.4}{Fitting\040and\040Evaluating\040a\040Two-Predictor\040Model}{chapter.6}% 70
\BOOKMARK [1][-]{section.6.5}{Exploring\040Model\040c5_prost_A}{chapter.6}% 71
\BOOKMARK [1][-]{section.6.6}{Plotting\040Model\040c5_prost_A}{chapter.6}% 72
\BOOKMARK [1][-]{section.6.7}{Cross-Validation\040of\040Model\040c5_prost_A}{chapter.6}% 73
\BOOKMARK [0][-]{chapter.7}{Stepwise\040Variable\040Selection}{}% 74
\BOOKMARK [1][-]{section.7.1}{Strategy\040for\040Model\040Selection}{chapter.7}% 75
\BOOKMARK [1][-]{section.7.2}{A\040Kitchen\040Sink\040Model\040\(Model\040c5_prost_ks\)}{chapter.7}% 76
\BOOKMARK [1][-]{section.7.3}{Sequential\040Variable\040Selection:\040Stepwise\040Approaches}{chapter.7}% 77
\BOOKMARK [1][-]{section.7.4}{Forward\040Selection\040with\040the\040step\040function}{chapter.7}% 78
\BOOKMARK [1][-]{section.7.5}{Backward\040Elimination\040using\040the\040step\040function}{chapter.7}% 79
\BOOKMARK [1][-]{section.7.6}{Allen-Cady\040Modified\040Backward\040Elimination}{chapter.7}% 80
\BOOKMARK [1][-]{section.7.7}{Summarizing\040the\040Results}{chapter.7}% 81
\BOOKMARK [0][-]{chapter.8}{Best\040Subsets\040Variable\040Selection\040in\040our\040Prostate\040Cancer\040Study}{}% 82
\BOOKMARK [1][-]{section.8.1}{Four\040Key\040Summaries\040We'll\040Use\040to\040Evaluate\040Potential\040Models}{chapter.8}% 83
\BOOKMARK [1][-]{section.8.2}{Using\040regsubsets\040in\040the\040leaps\040package}{chapter.8}% 84
\BOOKMARK [1][-]{section.8.3}{Calculating\040bias-corrected\040AIC}{chapter.8}% 85
\BOOKMARK [1][-]{section.8.4}{Plotting\040the\040Best\040Subsets\040Results\040using\040ggplot2}{chapter.8}% 86
\BOOKMARK [1][-]{section.8.5}{Table\040of\040Key\040Results}{chapter.8}% 87
\BOOKMARK [1][-]{section.8.6}{Models\040Worth\040Considering?}{chapter.8}% 88
\BOOKMARK [1][-]{section.8.7}{Compare\040these\040candidate\040models\040in-sample?}{chapter.8}% 89
\BOOKMARK [1][-]{section.8.8}{AIC\040and\040BIC\040comparisons,\040within\040the\040training\040sample}{chapter.8}% 90
\BOOKMARK [1][-]{section.8.9}{Cross-Validation\040of\040Candidate\040Models\040out\040of\040Sample}{chapter.8}% 91
\BOOKMARK [1][-]{section.8.10}{What\040about\040Interaction\040Terms?}{chapter.8}% 92
\BOOKMARK [0][-]{chapter.9}{Adding\040Non-linear\040Terms\040to\040a\040Linear\040Regression\040Model}{}% 93
\BOOKMARK [1][-]{section.9.1}{The\040pollution\040data}{chapter.9}% 94
\BOOKMARK [1][-]{section.9.2}{Fitting\040a\040straight\040line\040model\040to\040predict\040y\040from\040x2}{chapter.9}% 95
\BOOKMARK [1][-]{section.9.3}{Quadratic\040polynomial\040model\040to\040predict\040y\040using\040x2}{chapter.9}% 96
\BOOKMARK [1][-]{section.9.4}{Orthogonal\040Polynomials}{chapter.9}% 97
\BOOKMARK [1][-]{section.9.5}{Fit\040a\040cubic\040polynomial\040to\040predict\040y\040from\040x3}{chapter.9}% 98
\BOOKMARK [1][-]{section.9.6}{Fitting\040a\040restricted\040cubic\040spline\040in\040a\040linear\040regression}{chapter.9}% 99
\BOOKMARK [1][-]{section.9.7}{Spending\040Degrees\040of\040Freedom}{chapter.9}% 100
\BOOKMARK [1][-]{section.9.8}{Spending\040DF\040on\040Non-Linearity:\040The\040Spearman\040\\rho^2\040Plot}{chapter.9}% 101
\BOOKMARK [0][-]{chapter.10}{Using\040ols\040from\040the\040rms\040package\040to\040fit\040linear\040models}{}% 102
\BOOKMARK [1][-]{section.10.1}{Fitting\040a\040model\040with\040ols}{chapter.10}% 103
\BOOKMARK [1][-]{section.10.2}{ANOVA\040for\040an\040ols\040model}{chapter.10}% 104
\BOOKMARK [1][-]{section.10.3}{Effect\040Estimates}{chapter.10}% 105
\BOOKMARK [1][-]{section.10.4}{The\040Predict\040function\040for\040an\040ols\040model}{chapter.10}% 106
\BOOKMARK [1][-]{section.10.5}{Checking\040Influence\040via\040dfbeta}{chapter.10}% 107
\BOOKMARK [1][-]{section.10.6}{Model\040Validation\040and\040Correcting\040for\040Optimism}{chapter.10}% 108
\BOOKMARK [1][-]{section.10.7}{Building\040a\040Nomogram\040for\040Our\040Model}{chapter.10}% 109
\BOOKMARK [0][-]{chapter.11}{Other\040Variable\040Selection\040Strategies}{}% 110
\BOOKMARK [1][-]{section.11.1}{Why\040not\040use\040stepwise\040procedures?}{chapter.11}% 111
\BOOKMARK [1][-]{section.11.2}{Ridge\040Regression}{chapter.11}% 112
\BOOKMARK [1][-]{section.11.3}{The\040Lasso}{chapter.11}% 113
\BOOKMARK [1][-]{section.11.4}{Applying\040the\040Lasso\040to\040the\040pollution\040data}{chapter.11}% 114
\BOOKMARK [0][-]{chapter.12}{Logistic\040Regression:\040The\040Foundations}{}% 115
\BOOKMARK [1][-]{section.12.1}{A\040First\040Attempt:\040A\040Linear\040Probability\040Model}{chapter.12}% 116
\BOOKMARK [1][-]{section.12.2}{Logistic\040Regression}{chapter.12}% 117
\BOOKMARK [1][-]{section.12.3}{The\040Logistic\040Regression\040Model}{chapter.12}% 118
\BOOKMARK [1][-]{section.12.4}{The\040Link\040Function}{chapter.12}% 119
\BOOKMARK [1][-]{section.12.5}{The\040logit\040or\040log\040odds}{chapter.12}% 120
\BOOKMARK [1][-]{section.12.6}{Interpreting\040the\040Coefficients\040of\040a\040Logistic\040Regression\040Model}{chapter.12}% 121
\BOOKMARK [1][-]{section.12.7}{The\040Logistic\040Regression\040has\040non-constant\040variance}{chapter.12}% 122
\BOOKMARK [1][-]{section.12.8}{Fitting\040a\040Logistic\040Regression\040Model\040to\040our\040Simulated\040Data}{chapter.12}% 123
\BOOKMARK [1][-]{section.12.9}{Plotting\040the\040Logistic\040Regression\040Model}{chapter.12}% 124
\BOOKMARK [0][-]{chapter.13}{Logistic\040Regression\040and\040the\040resect\040data}{}% 125
\BOOKMARK [1][-]{section.13.1}{The\040resect\040data}{chapter.13}% 126
\BOOKMARK [1][-]{section.13.2}{Running\040A\040Simple\040Logistic\040Regression\040Model}{chapter.13}% 127
\BOOKMARK [1][-]{section.13.3}{Logistic\040Regression\040using\040glm}{chapter.13}% 128
\BOOKMARK [1][-]{section.13.4}{Interpreting\040the\040Model\040Summary}{chapter.13}% 129
\BOOKMARK [1][-]{section.13.5}{Plotting\040a\040Simple\040Logistic\040Regression\040Model}{chapter.13}% 130
\BOOKMARK [1][-]{section.13.6}{How\040well\040does\040Model\040A\040classify\040subjects?}{chapter.13}% 131
\BOOKMARK [1][-]{section.13.7}{Receiver\040Operating\040Characteristic\040Curve\040Analysis}{chapter.13}% 132
\BOOKMARK [1][-]{section.13.8}{The\040ROC\040Plot\040for\040res_modA}{chapter.13}% 133
\BOOKMARK [1][-]{section.13.9}{Assessing\040Residual\040Plots\040from\040Model\040A}{chapter.13}% 134
\BOOKMARK [1][-]{section.13.10}{Model\040B:\040A\040Kitchen\040Sink\040Logistic\040Regression\040Model}{chapter.13}% 135
\BOOKMARK [1][-]{section.13.11}{Plotting\040Model\040B}{chapter.13}% 136
\BOOKMARK [1][-]{section.13.12}{Logistic\040Regression\040using\040lrm}{chapter.13}% 137
\BOOKMARK [1][-]{section.13.13}{Model\040D:\040An\040Augmented\040Kitchen\040Sink\040Model}{chapter.13}% 138
\BOOKMARK [1][-]{section.13.14}{Model\040E:\040Fitting\040a\040Reduced\040Model\040in\040light\040of\040Model\040D}{chapter.13}% 139
\BOOKMARK [1][-]{section.13.15}{Concordance:\040Comparing\040Model\040C,\040D\040and\040E's\040predictions}{chapter.13}% 140
\BOOKMARK [1][-]{section.13.16}{Conclusions}{chapter.13}% 141
\BOOKMARK [0][-]{chapter.14}{Logistic\040Regression\040and\040the\040smartcle1\040data}{}% 142
\BOOKMARK [1][-]{section.14.1}{The\040smartcle1\040data}{chapter.14}% 143
\BOOKMARK [1][-]{section.14.2}{Thinking\040About\040Non-Linear\040Terms}{chapter.14}% 144
\BOOKMARK [1][-]{section.14.3}{A\040First\040Model\040for\040exerany\040\(Complete\040Case\040Analysis\)}{chapter.14}% 145
\BOOKMARK [1][-]{section.14.4}{Building\040a\040Larger\040Model:\040Spearman\040\\rho^2\040Plot}{chapter.14}% 146
\BOOKMARK [1][-]{section.14.5}{A\040Second\040Model\040for\040exerany\040\(Complete\040Cases\)}{chapter.14}% 147
\BOOKMARK [1][-]{section.14.6}{Dealing\040with\040Missing\040Data\040via\040Simple\040Imputation}{chapter.14}% 148
\BOOKMARK [1][-]{section.14.7}{Refitting\040Model\0401\040with\040simply\040imputed\040data}{chapter.14}% 149
\BOOKMARK [1][-]{section.14.8}{Refitting\040Model\0402\040with\040simply\040imputed\040data}{chapter.14}% 150
\BOOKMARK [1][-]{section.14.9}{Comparing\040Model\0402\040to\040Model\0401\040after\040simple\040imputation}{chapter.14}% 151
\BOOKMARK [1][-]{section.14.10}{Dealing\040with\040Missing\040Data\040via\040Multiple\040Imputation}{chapter.14}% 152
\BOOKMARK [1][-]{section.14.11}{Combining\040the\040Imputation\040and\040Outcome\040Models}{chapter.14}% 153
\BOOKMARK [1][-]{section.14.12}{Models\040with\040and\040without\040Imputation}{chapter.14}% 154
\BOOKMARK [0][-]{chapter.15}{Linear\040Regression\040and\040the\040smartcle1\040data}{}% 155
\BOOKMARK [1][-]{section.15.1}{The\040smartcle1\040data}{chapter.15}% 156
\BOOKMARK [1][-]{section.15.2}{Thinking\040About\040Non-Linear\040Terms}{chapter.15}% 157
\BOOKMARK [1][-]{section.15.3}{A\040First\040Model\040for\040sleephrs\040\(Complete\040Case\040Analysis\)}{chapter.15}% 158
\BOOKMARK [1][-]{section.15.4}{Building\040a\040Larger\040Model:\040Spearman\040\\rho^2\040Plot}{chapter.15}% 159
\BOOKMARK [1][-]{section.15.5}{A\040Second\040Model\040for\040sleephrs\040\(Complete\040Cases\)}{chapter.15}% 160
\BOOKMARK [1][-]{section.15.6}{Dealing\040with\040Missing\040Data\040via\040Simple\040Imputation}{chapter.15}% 161
\BOOKMARK [1][-]{section.15.7}{Refitting\040Model\040A\040with\040simply\040imputed\040data}{chapter.15}% 162
\BOOKMARK [1][-]{section.15.8}{Refitting\040Model\040B\040with\040simply\040imputed\040data}{chapter.15}% 163
\BOOKMARK [1][-]{section.15.9}{Comparing\040Model\040B.2\040to\040Model\040A.2\040after\040simple\040imputation}{chapter.15}% 164
\BOOKMARK [1][-]{section.15.10}{Dealing\040with\040Missing\040Data\040via\040Multiple\040Imputation}{chapter.15}% 165
\BOOKMARK [1][-]{section.15.11}{Combining\040the\040Imputation\040and\040Outcome\040Models}{chapter.15}% 166
\BOOKMARK [0][-]{chapter.16}{Colorectal\040Cancer\040Screening\040and\040Some\040Special\040Cases}{}% 167
\BOOKMARK [1][-]{section.16.1}{Logistic\040Regression\040for\040Aggregated\040Data}{chapter.16}% 168
\BOOKMARK [1][-]{section.16.2}{Probit\040Regression}{chapter.16}% 169
\BOOKMARK [0][-]{chapter.17}{Cleaning\040the\040BRFSS\040SMART\040Data}{}% 170
\BOOKMARK [1][-]{section.17.1}{Key\040resources}{chapter.17}% 171
\BOOKMARK [1][-]{section.17.2}{Ingesting\040The\040Raw\040Data}{chapter.17}% 172
\BOOKMARK [1][-]{section.17.3}{The\040National\040Data}{chapter.17}% 173
\BOOKMARK [1][-]{section.17.4}{Cleaning\040the\040BRFSS\040Data}{chapter.17}% 174
\BOOKMARK [1][-]{section.17.5}{Creating\040Some\040Quantitative\040Variables\040from\040Thin\040Air}{chapter.17}% 175
\BOOKMARK [1][-]{section.17.6}{Clean\040Data\040in\040the\040State\040of\040Ohio}{chapter.17}% 176
\BOOKMARK [1][-]{section.17.7}{Clean\040Cleveland-Elyria\040Data}{chapter.17}% 177
\BOOKMARK [0][-]{chapter.18}{Modeling\040a\040Count\040Outcome\040in\040Ohio\040SMART}{}% 178
\BOOKMARK [1][-]{section.18.1}{Preliminaries}{chapter.18}% 179
\BOOKMARK [1][-]{section.18.2}{A\040subset\040of\040the\040Ohio\040SMART\040data}{chapter.18}% 180
\BOOKMARK [1][-]{section.18.3}{Exploratory\040Data\040Analysis\040\(in\040the\04018-49\040group\)}{chapter.18}% 181
\BOOKMARK [1][-]{section.18.4}{Modeling\040Strategies\040Explored\040Here}{chapter.18}% 182
\BOOKMARK [1][-]{section.18.5}{The\040OLS\040Approach}{chapter.18}% 183
\BOOKMARK [1][-]{section.18.6}{OLS\040model\040on\040log\(physhealth\040+\0401\)\040days}{chapter.18}% 184
\BOOKMARK [1][-]{section.18.7}{A\040Poisson\040Regression\040Model}{chapter.18}% 185
\BOOKMARK [1][-]{section.18.8}{Overdispersion\040in\040a\040Poisson\040Model}{chapter.18}% 186
\BOOKMARK [1][-]{section.18.9}{Fitting\040the\040Quasi-Poisson\040Model}{chapter.18}% 187
\BOOKMARK [1][-]{section.18.10}{Poisson\040and\040Quasi-Poisson\040models\040using\040Glm\040from\040the\040rms\040package}{chapter.18}% 188
\BOOKMARK [1][-]{section.18.11}{Negative\040Binomial\040Model}{chapter.18}% 189
\BOOKMARK [1][-]{section.18.12}{The\040Problem:\040Too\040Few\040Zeros}{chapter.18}% 190
\BOOKMARK [1][-]{section.18.13}{The\040Zero-Inflated\040Poisson\040Regression\040Model}{chapter.18}% 191
\BOOKMARK [1][-]{section.18.14}{The\040Zero-Inflated\040Negative\040Binomial\040Regression\040Model}{chapter.18}% 192
\BOOKMARK [1][-]{section.18.15}{A\040hurdle\040model\040\(with\040Poisson\)}{chapter.18}% 193
\BOOKMARK [1][-]{section.18.16}{A\040hurdle\040model\040\(with\040negative\040binomial\040for\040overdispersion\)}{chapter.18}% 194
\BOOKMARK [1][-]{section.18.17}{A\040Tobit\040\(Censored\)\040Regression\040Model}{chapter.18}% 195
\BOOKMARK [0][-]{chapter.19}{Modeling\040an\040Ordinal\040Categorical\040Outcome\040in\040Ohio\040SMART}{}% 196
\BOOKMARK [1][-]{section.19.1}{Preliminaries}{chapter.19}% 197
\BOOKMARK [1][-]{section.19.2}{A\040subset\040of\040the\040Ohio\040SMART\040data}{chapter.19}% 198
\BOOKMARK [1][-]{section.19.3}{Building\040Cross-Tabulations}{chapter.19}% 199
\BOOKMARK [1][-]{section.19.4}{Graphing\040Categorical\040Data}{chapter.19}% 200
\BOOKMARK [1][-]{section.19.5}{Building\040a\040Model\040for\040genh\040using\040sleephrs}{chapter.19}% 201
\BOOKMARK [1][-]{section.19.6}{Interpreting\040Model\040m1}{chapter.19}% 202
\BOOKMARK [1][-]{section.19.7}{The\040Assumption\040of\040Proportional\040Odds}{chapter.19}% 203
\BOOKMARK [1][-]{section.19.8}{Can\040model\040m1\040be\040fit\040using\040rms\040tools?}{chapter.19}% 204
\BOOKMARK [1][-]{section.19.9}{Building\040a\040Three-Predictor\040Model}{chapter.19}% 205
\BOOKMARK [1][-]{section.19.10}{A\040Larger\040Model,\040including\040income\040group}{chapter.19}% 206
\BOOKMARK [1][-]{section.19.11}{References\040for\040this\040Chapter}{chapter.19}% 207
\BOOKMARK [0][-]{chapter.20}{Analyzing\040Literary\040Styles\040with\040Multinomial\040Logistic\040Regression}{}% 208
\BOOKMARK [1][-]{section.20.1}{The\040Authorship\040Example}{chapter.20}% 209
\BOOKMARK [1][-]{section.20.2}{Focus\040on\04011\040key\040words}{chapter.20}% 210
\BOOKMARK [1][-]{section.20.3}{A\040Multinomial\040Logistic\040Regression\040Model}{chapter.20}% 211
\BOOKMARK [1][-]{section.20.4}{Model\0402}{chapter.20}% 212
\BOOKMARK [1][-]{section.20.5}{Classification\040Table}{chapter.20}% 213
\BOOKMARK [1][-]{section.20.6}{Probability\040Curves\040based\040on\040a\040Single\040Predictor}{chapter.20}% 214
